C51 COMPILER V9.59.0.0   MAIN                                                              04/09/2021 13:03:09 PAGE 1   


C51 COMPILER V9.59.0.0, COMPILATION OF MODULE MAIN
OBJECT MODULE PLACED IN main.OBJ
COMPILER INVOKED BY: C:\Keil_v5\C51\BIN\C51.EXE main.c OPTIMIZE(8,SPEED) BROWSE DEBUG OBJECTEXTEND TABS(2)

line level    source

   1          /**************************************************************************************
   2           µ—Èœ÷œÛ£∫œ
   3          Ω”œﬂÀµ√˜£∫ µ•∆¨ª˙-->LED&ΩªÕ®µ∆ƒ£øÈ(æﬂÃÂΩ”œﬂÕºø…º˚ø™∑¢π•¬‘∂‘”¶ µ—Èµƒ°∞ µ—Èœ÷œÛ°±’¬Ω⁄)
   4                 P00-->D1 
   5          ◊¢“‚ ¬œÓ£∫                                          
   6          ***************************************************************************************/
   7          
   8          #include "reg52.h"       //¥ÀŒƒº˛÷–∂®“Â¡Àµ•∆¨ª˙µƒ“ª–©Ãÿ ‚π¶ƒ‹ºƒ¥Ê∆˜
   9          typedef unsigned int u16;   //∂‘ ˝æ›¿‡–ÕΩ¯––…˘√˜∂®“Â
  10          typedef unsigned char u8;
  11          int a;
  12          sbit LSA=P2^2;
  13          sbit LSB=P2^3;
  14          sbit LSC=P2^4;
  15          sbit k3=P3^2;
  16          sbit k4=P3^3;
  17          
  18          u8 code smgduan[17]={0x3f,0x06,0x5b,0x4f,0x66,0x6d,0x7d,0x07,
  19                    0x7f,0x6f,0x77,0x7c,0x39,0x5e,0x79,0x71};//œ‘ æ0~Fµƒ÷µ
  20          
  21          void time0unit()  //∂® ±∆˜0÷–∂œø™∆Ù
  22          {
  23   1        TMOD|=0X01;
  24   1        TH0=0xFC;
  25   1        TL0=0X18;
  26   1        ET0=1;
  27   1        EA=1;
  28   1        TR0=1;
  29   1        
  30   1      }
  31          void inter1()//Õ‚≤ø÷–∂œ1ø™∆Ù
  32          {
  33   1        EA=1;
  34   1        EX1=1;
  35   1        IT1=1;
  36   1      }
  37          void delay(u16 i)// ±—”∫Ø ˝£¨¥Û‘º—” ±1us
  38          {
  39   1        while(i--);
  40   1      }
  41          void Time0() interrupt 1//∂® ±∆˜1÷–∂œ∫Ø ˝£¨ µœ÷1sµƒº∆ ±£¨
  42          {                       //Õ¨ ± µœ÷√Î±Ìœ‘ æ ˝◊÷µƒºı…Ÿ
  43   1        static u16 i;
  44   1      
  45   1        TH0=0xFC;//∏¯∂® ±∆˜1∏≥÷µ
  46   1        TL0=0x18;
  47   1        i++;
  48   1          if(i==1000)
  49   1            {
  50   2              i=0;
  51   2              a--;
  52   2            } 
  53   1      }
  54          
  55          void    Int1()  interrupt 2//∞¥º¸÷√¡„∫Ø ˝£¨ π”√K4°˙Õ‚≤ø÷–∂œ1
C51 COMPILER V9.59.0.0   MAIN                                                              04/09/2021 13:03:09 PAGE 2   

  56          {
  57   1        delay(500);
  58   1        if(k4==0)
  59   1        { 
  60   2            a=59;
  61   2        }
  62   1      }
  63          
  64          void main()
  65          {
  66   1        inter1();
  67   1        time0unit();
  68   1        a=59;
  69   1        while(1)
  70   1        {
  71   2          
  72   2          if(a>=0)
  73   2          {
  74   3            LSA=0;LSB=0;LSC=0;
  75   3            P0=smgduan[a%10];
  76   3            delay(1100);//—” ±ºı…ŸLED”‡ÍÕµƒ”∞œÏ
  77   3            LSA=0;LSB=0;LSC=1;
  78   3            P0=smgduan[a/10];
  79   3            delay(1100);
  80   3          }
  81   2          else
  82   2          {
  83   3            a=59;//◊‘∂Ø∏¥Œª
  84   3          }
  85   2        }
  86   1      }
  87          


MODULE INFORMATION:   STATIC OVERLAYABLE
   CODE SIZE        =    216    ----
   CONSTANT SIZE    =     17    ----
   XDATA SIZE       =   ----    ----
   PDATA SIZE       =   ----    ----
   DATA SIZE        =      4    ----
   IDATA SIZE       =   ----    ----
   BIT SIZE         =   ----    ----
END OF MODULE INFORMATION.


C51 COMPILATION COMPLETE.  0 WARNING(S),  0 ERROR(S)
